<html>
<head>
<title>TestNG:  AppliVersion_2</title>
<link href="../testng.css" rel="stylesheet" type="text/css" />
<link href="../my-testng.css" rel="stylesheet" type="text/css" />

<style type="text/css">
.log { display: none;} 
.stack-trace { display: none;} 
</style>
<script type="text/javascript">
<!--
function flip(e) {
  current = e.style.display;
  if (current == 'block') {
    e.style.display = 'none';
    return 0;
  }
  else {
    e.style.display = 'block';
    return 1;
  }
}

function toggleBox(szDivId, elem, msg1, msg2)
{
  var res = -1;  if (document.getElementById) {
    res = flip(document.getElementById(szDivId));
  }
  else if (document.all) {
    // this is the way old msie versions work
    res = flip(document.all[szDivId]);
  }
  if(elem) {
    if(res == 0) elem.innerHTML = msg1; else elem.innerHTML = msg2;
  }

}

function toggleAllBoxes() {
  if (document.getElementsByTagName) {
    d = document.getElementsByTagName('div');
    for (i = 0; i < d.length; i++) {
      if (d[i].className == 'log') {
        flip(d[i]);
      }
    }
  }
}

// -->
</script>

</head>
<body>
<h2 align='center'>AppliVersion_2</h2><table border='1' align="center">
<tr>
<td>Tests passed/Failed/Skipped:</td><td>1/6/0</td>
</tr><tr>
<td>Started on:</td><td>Thu Nov 28 23:09:41 EST 2019</td>
</tr>
<tr><td>Total time:</td><td>142 seconds (142549 ms)</td>
</tr><tr>
<td>Included groups:</td><td></td>
</tr><tr>
<td>Excluded groups:</td><td></td>
</tr>
</table><p/>
<small><i>(Hover the method name to see the test class name)</i></small><p/>
<table width='100%' border='1' class='invocation-failed'>
<tr><td colspan='4' align='center'><b>FAILED TESTS</b></td></tr>
<tr><td><b>Test method</b></td>
<td width="30%"><b>Exception</b></td>
<td width="10%"><b>Time (seconds)</b></td>
<td><b>Instance</b></td>
</tr>
<tr>
<td title='com.hackathon.qa.testcases.AppliTest.VerifyFlashSaleTest()'><b>VerifyFlashSaleTest</b><br>Test class: com.hackathon.qa.testcases.AppliTest<br>Test method: Validate the Flash Sale images<br>Parameters: public void com.hackathon.qa.testcases.AppliTest.VerifyFlashSaleTest(java.lang.reflect.Method)</td>
<td><div><pre>com.applitools.eyes.exceptions.DiffsFoundException: Test &apos;VerifyFlashSaleTest&apos; of &apos;AppliTools Demo VisualTesting&apos; detected differences! See details at: https://eyes.applitools.com/app/batches/00000251827300210364/00000251827300106311?accountId=VzxHdYJuvEm5iXxQkGTQPA~~
	at com.applitools.eyes.EyesBase.logSessionResultsAndThrowException(EyesBase.java:524)
	at com.applitools.eyes.EyesBase.close(EyesBase.java:497)
	at com.applitools.eyes.selenium.SeleniumEyes.close(SeleniumEyes.java:2021)
	at com.applitools.eyes.selenium.Eyes.close(Eyes.java:509)
	at com.applitools.eyes.selenium.Eyes.close(Eyes.java:149)
	at com.hackathon.qa.base.TestBase.eyesValidateWindow(TestBase.java:125)
	at com.hackathon.qa.Applipages.HomePage.verifyFlashSale(HomePage.java:87)
	at com.hackathon.qa.testcases.AppliTest.VerifyFlashSaleTest(AppliTest.java:121)
... Removed 25 stack frames</pre></div><a href='#' onClick='toggleBox("stack-trace800126002", this, "Click to show all stack frames", "Click to hide stack frames")'>Click to show all stack frames</a>
<div class='stack-trace' id='stack-trace800126002'><pre>com.applitools.eyes.exceptions.DiffsFoundException: Test &apos;VerifyFlashSaleTest&apos; of &apos;AppliTools Demo VisualTesting&apos; detected differences! See details at: https://eyes.applitools.com/app/batches/00000251827300210364/00000251827300106311?accountId=VzxHdYJuvEm5iXxQkGTQPA~~
	at com.applitools.eyes.EyesBase.logSessionResultsAndThrowException(EyesBase.java:524)
	at com.applitools.eyes.EyesBase.close(EyesBase.java:497)
	at com.applitools.eyes.selenium.SeleniumEyes.close(SeleniumEyes.java:2021)
	at com.applitools.eyes.selenium.Eyes.close(Eyes.java:509)
	at com.applitools.eyes.selenium.Eyes.close(Eyes.java:149)
	at com.hackathon.qa.base.TestBase.eyesValidateWindow(TestBase.java:125)
	at com.hackathon.qa.Applipages.HomePage.verifyFlashSale(HomePage.java:87)
	at com.hackathon.qa.testcases.AppliTest.VerifyFlashSaleTest(AppliTest.java:121)
	at java.base/jdk.internal.reflect.NativeMethodAccessorImpl.invoke0(Native Method)
	at java.base/jdk.internal.reflect.NativeMethodAccessorImpl.invoke(NativeMethodAccessorImpl.java:62)
	at java.base/jdk.internal.reflect.DelegatingMethodAccessorImpl.invoke(DelegatingMethodAccessorImpl.java:43)
	at java.base/java.lang.reflect.Method.invoke(Method.java:566)
	at org.testng.internal.MethodInvocationHelper.invokeMethod(MethodInvocationHelper.java:124)
	at org.testng.internal.Invoker.invokeMethod(Invoker.java:583)
	at org.testng.internal.Invoker.invokeTestMethod(Invoker.java:719)
	at org.testng.internal.Invoker.invokeTestMethods(Invoker.java:989)
	at org.testng.internal.TestMethodWorker.invokeTestMethods(TestMethodWorker.java:125)
	at org.testng.internal.TestMethodWorker.run(TestMethodWorker.java:109)
	at org.testng.TestRunner.privateRun(TestRunner.java:648)
	at org.testng.TestRunner.run(TestRunner.java:505)
	at org.testng.SuiteRunner.runTest(SuiteRunner.java:455)
	at org.testng.SuiteRunner.runSequentially(SuiteRunner.java:450)
	at org.testng.SuiteRunner.privateRun(SuiteRunner.java:415)
	at org.testng.SuiteRunner.run(SuiteRunner.java:364)
	at org.testng.SuiteRunnerWorker.runSuite(SuiteRunnerWorker.java:52)
	at org.testng.SuiteRunnerWorker.run(SuiteRunnerWorker.java:84)
	at org.testng.TestNG.runSuitesSequentially(TestNG.java:1208)
	at org.testng.TestNG.runSuitesLocally(TestNG.java:1137)
	at org.testng.TestNG.runSuites(TestNG.java:1049)
	at org.testng.TestNG.run(TestNG.java:1017)
	at org.testng.remote.AbstractRemoteTestNG.run(AbstractRemoteTestNG.java:115)
	at org.testng.remote.RemoteTestNG.initAndRun(RemoteTestNG.java:251)
	at org.testng.remote.RemoteTestNG.main(RemoteTestNG.java:77)
</pre></div></td>
<td>37</td>
<td>com.hackathon.qa.testcases.AppliTest@101952da</td></tr>
<tr>
<td title='com.hackathon.qa.testcases.AppliTest.canvasValidateTest()'><b>canvasValidateTest</b><br>Test class: com.hackathon.qa.testcases.AppliTest<br>Test method: Validate the Canvas Chart<br>Parameters: public void com.hackathon.qa.testcases.AppliTest.canvasValidateTest(java.lang.reflect.Method)</td>
<td><div><pre>com.applitools.eyes.exceptions.DiffsFoundException: Test &apos;Canvas Chart Validation&apos; of &apos;AppliTools Demo VisualTesting&apos; detected differences! See details at: https://eyes.applitools.com/app/batches/00000251827300210364/00000251827300151388?accountId=VzxHdYJuvEm5iXxQkGTQPA~~
	at com.applitools.eyes.EyesBase.logSessionResultsAndThrowException(EyesBase.java:524)
	at com.applitools.eyes.EyesBase.close(EyesBase.java:497)
	at com.applitools.eyes.selenium.SeleniumEyes.close(SeleniumEyes.java:2021)
	at com.applitools.eyes.selenium.Eyes.close(Eyes.java:509)
	at com.applitools.eyes.selenium.Eyes.close(Eyes.java:149)
	at com.hackathon.qa.base.TestBase.eyesValidateWindow(TestBase.java:125)
	at com.hackathon.qa.Applipages.HomePage.canvasChartValidation(HomePage.java:73)
	at com.hackathon.qa.testcases.AppliTest.canvasValidateTest(AppliTest.java:110)
... Removed 25 stack frames</pre></div><a href='#' onClick='toggleBox("stack-trace1209886276", this, "Click to show all stack frames", "Click to hide stack frames")'>Click to show all stack frames</a>
<div class='stack-trace' id='stack-trace1209886276'><pre>com.applitools.eyes.exceptions.DiffsFoundException: Test &apos;Canvas Chart Validation&apos; of &apos;AppliTools Demo VisualTesting&apos; detected differences! See details at: https://eyes.applitools.com/app/batches/00000251827300210364/00000251827300151388?accountId=VzxHdYJuvEm5iXxQkGTQPA~~
	at com.applitools.eyes.EyesBase.logSessionResultsAndThrowException(EyesBase.java:524)
	at com.applitools.eyes.EyesBase.close(EyesBase.java:497)
	at com.applitools.eyes.selenium.SeleniumEyes.close(SeleniumEyes.java:2021)
	at com.applitools.eyes.selenium.Eyes.close(Eyes.java:509)
	at com.applitools.eyes.selenium.Eyes.close(Eyes.java:149)
	at com.hackathon.qa.base.TestBase.eyesValidateWindow(TestBase.java:125)
	at com.hackathon.qa.Applipages.HomePage.canvasChartValidation(HomePage.java:73)
	at com.hackathon.qa.testcases.AppliTest.canvasValidateTest(AppliTest.java:110)
	at java.base/jdk.internal.reflect.NativeMethodAccessorImpl.invoke0(Native Method)
	at java.base/jdk.internal.reflect.NativeMethodAccessorImpl.invoke(NativeMethodAccessorImpl.java:62)
	at java.base/jdk.internal.reflect.DelegatingMethodAccessorImpl.invoke(DelegatingMethodAccessorImpl.java:43)
	at java.base/java.lang.reflect.Method.invoke(Method.java:566)
	at org.testng.internal.MethodInvocationHelper.invokeMethod(MethodInvocationHelper.java:124)
	at org.testng.internal.Invoker.invokeMethod(Invoker.java:583)
	at org.testng.internal.Invoker.invokeTestMethod(Invoker.java:719)
	at org.testng.internal.Invoker.invokeTestMethods(Invoker.java:989)
	at org.testng.internal.TestMethodWorker.invokeTestMethods(TestMethodWorker.java:125)
	at org.testng.internal.TestMethodWorker.run(TestMethodWorker.java:109)
	at org.testng.TestRunner.privateRun(TestRunner.java:648)
	at org.testng.TestRunner.run(TestRunner.java:505)
	at org.testng.SuiteRunner.runTest(SuiteRunner.java:455)
	at org.testng.SuiteRunner.runSequentially(SuiteRunner.java:450)
	at org.testng.SuiteRunner.privateRun(SuiteRunner.java:415)
	at org.testng.SuiteRunner.run(SuiteRunner.java:364)
	at org.testng.SuiteRunnerWorker.runSuite(SuiteRunnerWorker.java:52)
	at org.testng.SuiteRunnerWorker.run(SuiteRunnerWorker.java:84)
	at org.testng.TestNG.runSuitesSequentially(TestNG.java:1208)
	at org.testng.TestNG.runSuitesLocally(TestNG.java:1137)
	at org.testng.TestNG.runSuites(TestNG.java:1049)
	at org.testng.TestNG.run(TestNG.java:1017)
	at org.testng.remote.AbstractRemoteTestNG.run(AbstractRemoteTestNG.java:115)
	at org.testng.remote.RemoteTestNG.initAndRun(RemoteTestNG.java:251)
	at org.testng.remote.RemoteTestNG.main(RemoteTestNG.java:77)
</pre></div></td>
<td>14</td>
<td>com.hackathon.qa.testcases.AppliTest@101952da</td></tr>
<tr>
<td title='com.hackathon.qa.testcases.AppliTest.invalidPasswordTest()'><b>invalidPasswordTest</b><br>Test class: com.hackathon.qa.testcases.AppliTest<br>Test method: Verify Whether login fails with blank username<br>Parameters: public void com.hackathon.qa.testcases.AppliTest.invalidPasswordTest(java.lang.reflect.Method)</td>
<td><div><pre>com.applitools.eyes.exceptions.DiffsFoundException: Test &apos;invalidPasswordTest&apos; of &apos;AppliTools Demo VisualTesting&apos; detected differences! See details at: https://eyes.applitools.com/app/batches/00000251827300210364/00000251827300167886?accountId=VzxHdYJuvEm5iXxQkGTQPA~~
	at com.applitools.eyes.EyesBase.logSessionResultsAndThrowException(EyesBase.java:524)
	at com.applitools.eyes.EyesBase.close(EyesBase.java:497)
	at com.applitools.eyes.selenium.SeleniumEyes.close(SeleniumEyes.java:2021)
	at com.applitools.eyes.selenium.Eyes.close(Eyes.java:509)
	at com.applitools.eyes.selenium.Eyes.close(Eyes.java:149)
	at com.hackathon.qa.base.TestBase.eyesValidateElement(TestBase.java:134)
	at com.hackathon.qa.Applipages.LoginPage.loginfailed(LoginPage.java:108)
	at com.hackathon.qa.testcases.AppliTest.invalidPasswordTest(AppliTest.java:100)
... Removed 25 stack frames</pre></div><a href='#' onClick='toggleBox("stack-trace1907842969", this, "Click to show all stack frames", "Click to hide stack frames")'>Click to show all stack frames</a>
<div class='stack-trace' id='stack-trace1907842969'><pre>com.applitools.eyes.exceptions.DiffsFoundException: Test &apos;invalidPasswordTest&apos; of &apos;AppliTools Demo VisualTesting&apos; detected differences! See details at: https://eyes.applitools.com/app/batches/00000251827300210364/00000251827300167886?accountId=VzxHdYJuvEm5iXxQkGTQPA~~
	at com.applitools.eyes.EyesBase.logSessionResultsAndThrowException(EyesBase.java:524)
	at com.applitools.eyes.EyesBase.close(EyesBase.java:497)
	at com.applitools.eyes.selenium.SeleniumEyes.close(SeleniumEyes.java:2021)
	at com.applitools.eyes.selenium.Eyes.close(Eyes.java:509)
	at com.applitools.eyes.selenium.Eyes.close(Eyes.java:149)
	at com.hackathon.qa.base.TestBase.eyesValidateElement(TestBase.java:134)
	at com.hackathon.qa.Applipages.LoginPage.loginfailed(LoginPage.java:108)
	at com.hackathon.qa.testcases.AppliTest.invalidPasswordTest(AppliTest.java:100)
	at java.base/jdk.internal.reflect.NativeMethodAccessorImpl.invoke0(Native Method)
	at java.base/jdk.internal.reflect.NativeMethodAccessorImpl.invoke(NativeMethodAccessorImpl.java:62)
	at java.base/jdk.internal.reflect.DelegatingMethodAccessorImpl.invoke(DelegatingMethodAccessorImpl.java:43)
	at java.base/java.lang.reflect.Method.invoke(Method.java:566)
	at org.testng.internal.MethodInvocationHelper.invokeMethod(MethodInvocationHelper.java:124)
	at org.testng.internal.Invoker.invokeMethod(Invoker.java:583)
	at org.testng.internal.Invoker.invokeTestMethod(Invoker.java:719)
	at org.testng.internal.Invoker.invokeTestMethods(Invoker.java:989)
	at org.testng.internal.TestMethodWorker.invokeTestMethods(TestMethodWorker.java:125)
	at org.testng.internal.TestMethodWorker.run(TestMethodWorker.java:109)
	at org.testng.TestRunner.privateRun(TestRunner.java:648)
	at org.testng.TestRunner.run(TestRunner.java:505)
	at org.testng.SuiteRunner.runTest(SuiteRunner.java:455)
	at org.testng.SuiteRunner.runSequentially(SuiteRunner.java:450)
	at org.testng.SuiteRunner.privateRun(SuiteRunner.java:415)
	at org.testng.SuiteRunner.run(SuiteRunner.java:364)
	at org.testng.SuiteRunnerWorker.runSuite(SuiteRunnerWorker.java:52)
	at org.testng.SuiteRunnerWorker.run(SuiteRunnerWorker.java:84)
	at org.testng.TestNG.runSuitesSequentially(TestNG.java:1208)
	at org.testng.TestNG.runSuitesLocally(TestNG.java:1137)
	at org.testng.TestNG.runSuites(TestNG.java:1049)
	at org.testng.TestNG.run(TestNG.java:1017)
	at org.testng.remote.AbstractRemoteTestNG.run(AbstractRemoteTestNG.java:115)
	at org.testng.remote.RemoteTestNG.initAndRun(RemoteTestNG.java:251)
	at org.testng.remote.RemoteTestNG.main(RemoteTestNG.java:77)
</pre></div></td>
<td>10</td>
<td>com.hackathon.qa.testcases.AppliTest@101952da</td></tr>
<tr>
<td title='com.hackathon.qa.testcases.AppliTest.invalidUsernameTest()'><b>invalidUsernameTest</b><br>Test class: com.hackathon.qa.testcases.AppliTest<br>Test method: Verify Whether login fails with blank password<br>Parameters: public void com.hackathon.qa.testcases.AppliTest.invalidUsernameTest(java.lang.reflect.Method)</td>
<td><div><pre>com.applitools.eyes.exceptions.DiffsFoundException: Test &apos;invalidUsernameTest&apos; of &apos;AppliTools Demo VisualTesting&apos; detected differences! See details at: https://eyes.applitools.com/app/batches/00000251827300210364/00000251827300182185?accountId=VzxHdYJuvEm5iXxQkGTQPA~~
	at com.applitools.eyes.EyesBase.logSessionResultsAndThrowException(EyesBase.java:524)
	at com.applitools.eyes.EyesBase.close(EyesBase.java:497)
	at com.applitools.eyes.selenium.SeleniumEyes.close(SeleniumEyes.java:2021)
	at com.applitools.eyes.selenium.Eyes.close(Eyes.java:509)
	at com.applitools.eyes.selenium.Eyes.close(Eyes.java:149)
	at com.hackathon.qa.base.TestBase.eyesValidateElement(TestBase.java:134)
	at com.hackathon.qa.Applipages.LoginPage.loginfailed(LoginPage.java:108)
	at com.hackathon.qa.testcases.AppliTest.invalidUsernameTest(AppliTest.java:89)
... Removed 25 stack frames</pre></div><a href='#' onClick='toggleBox("stack-trace609915057", this, "Click to show all stack frames", "Click to hide stack frames")'>Click to show all stack frames</a>
<div class='stack-trace' id='stack-trace609915057'><pre>com.applitools.eyes.exceptions.DiffsFoundException: Test &apos;invalidUsernameTest&apos; of &apos;AppliTools Demo VisualTesting&apos; detected differences! See details at: https://eyes.applitools.com/app/batches/00000251827300210364/00000251827300182185?accountId=VzxHdYJuvEm5iXxQkGTQPA~~
	at com.applitools.eyes.EyesBase.logSessionResultsAndThrowException(EyesBase.java:524)
	at com.applitools.eyes.EyesBase.close(EyesBase.java:497)
	at com.applitools.eyes.selenium.SeleniumEyes.close(SeleniumEyes.java:2021)
	at com.applitools.eyes.selenium.Eyes.close(Eyes.java:509)
	at com.applitools.eyes.selenium.Eyes.close(Eyes.java:149)
	at com.hackathon.qa.base.TestBase.eyesValidateElement(TestBase.java:134)
	at com.hackathon.qa.Applipages.LoginPage.loginfailed(LoginPage.java:108)
	at com.hackathon.qa.testcases.AppliTest.invalidUsernameTest(AppliTest.java:89)
	at java.base/jdk.internal.reflect.NativeMethodAccessorImpl.invoke0(Native Method)
	at java.base/jdk.internal.reflect.NativeMethodAccessorImpl.invoke(NativeMethodAccessorImpl.java:62)
	at java.base/jdk.internal.reflect.DelegatingMethodAccessorImpl.invoke(DelegatingMethodAccessorImpl.java:43)
	at java.base/java.lang.reflect.Method.invoke(Method.java:566)
	at org.testng.internal.MethodInvocationHelper.invokeMethod(MethodInvocationHelper.java:124)
	at org.testng.internal.Invoker.invokeMethod(Invoker.java:583)
	at org.testng.internal.Invoker.invokeTestMethod(Invoker.java:719)
	at org.testng.internal.Invoker.invokeTestMethods(Invoker.java:989)
	at org.testng.internal.TestMethodWorker.invokeTestMethods(TestMethodWorker.java:125)
	at org.testng.internal.TestMethodWorker.run(TestMethodWorker.java:109)
	at org.testng.TestRunner.privateRun(TestRunner.java:648)
	at org.testng.TestRunner.run(TestRunner.java:505)
	at org.testng.SuiteRunner.runTest(SuiteRunner.java:455)
	at org.testng.SuiteRunner.runSequentially(SuiteRunner.java:450)
	at org.testng.SuiteRunner.privateRun(SuiteRunner.java:415)
	at org.testng.SuiteRunner.run(SuiteRunner.java:364)
	at org.testng.SuiteRunnerWorker.runSuite(SuiteRunnerWorker.java:52)
	at org.testng.SuiteRunnerWorker.run(SuiteRunnerWorker.java:84)
	at org.testng.TestNG.runSuitesSequentially(TestNG.java:1208)
	at org.testng.TestNG.runSuitesLocally(TestNG.java:1137)
	at org.testng.TestNG.runSuites(TestNG.java:1049)
	at org.testng.TestNG.run(TestNG.java:1017)
	at org.testng.remote.AbstractRemoteTestNG.run(AbstractRemoteTestNG.java:115)
	at org.testng.remote.RemoteTestNG.initAndRun(RemoteTestNG.java:251)
	at org.testng.remote.RemoteTestNG.main(RemoteTestNG.java:77)
</pre></div></td>
<td>9</td>
<td>com.hackathon.qa.testcases.AppliTest@101952da</td></tr>
<tr>
<td title='com.hackathon.qa.testcases.AppliTest.loginuivalidation()'><b>loginuivalidation</b><br>Test class: com.hackathon.qa.testcases.AppliTest<br>Test method: Verify Login page UI Attributes<br>Parameters: public void com.hackathon.qa.testcases.AppliTest.loginuivalidation(java.lang.reflect.Method) throws java.lang.Throwable</td>
<td><div><pre>com.applitools.eyes.exceptions.DiffsFoundException: Test &apos;loginuivalidation&apos; of &apos;AppliTools Demo VisualTesting&apos; detected differences! See details at: https://eyes.applitools.com/app/batches/00000251827300210364/00000251827300210222?accountId=VzxHdYJuvEm5iXxQkGTQPA~~
	at com.applitools.eyes.EyesBase.logSessionResultsAndThrowException(EyesBase.java:524)
	at com.applitools.eyes.EyesBase.close(EyesBase.java:497)
	at com.applitools.eyes.selenium.SeleniumEyes.close(SeleniumEyes.java:2021)
	at com.applitools.eyes.selenium.Eyes.close(Eyes.java:509)
	at com.applitools.eyes.selenium.Eyes.close(Eyes.java:149)
	at com.hackathon.qa.base.TestBase.eyesValidateWindow(TestBase.java:125)
	at com.hackathon.qa.testcases.AppliTest.loginuivalidation(AppliTest.java:67)
... Removed 25 stack frames</pre></div><a href='#' onClick='toggleBox("stack-trace1221507960", this, "Click to show all stack frames", "Click to hide stack frames")'>Click to show all stack frames</a>
<div class='stack-trace' id='stack-trace1221507960'><pre>com.applitools.eyes.exceptions.DiffsFoundException: Test &apos;loginuivalidation&apos; of &apos;AppliTools Demo VisualTesting&apos; detected differences! See details at: https://eyes.applitools.com/app/batches/00000251827300210364/00000251827300210222?accountId=VzxHdYJuvEm5iXxQkGTQPA~~
	at com.applitools.eyes.EyesBase.logSessionResultsAndThrowException(EyesBase.java:524)
	at com.applitools.eyes.EyesBase.close(EyesBase.java:497)
	at com.applitools.eyes.selenium.SeleniumEyes.close(SeleniumEyes.java:2021)
	at com.applitools.eyes.selenium.Eyes.close(Eyes.java:509)
	at com.applitools.eyes.selenium.Eyes.close(Eyes.java:149)
	at com.hackathon.qa.base.TestBase.eyesValidateWindow(TestBase.java:125)
	at com.hackathon.qa.testcases.AppliTest.loginuivalidation(AppliTest.java:67)
	at java.base/jdk.internal.reflect.NativeMethodAccessorImpl.invoke0(Native Method)
	at java.base/jdk.internal.reflect.NativeMethodAccessorImpl.invoke(NativeMethodAccessorImpl.java:62)
	at java.base/jdk.internal.reflect.DelegatingMethodAccessorImpl.invoke(DelegatingMethodAccessorImpl.java:43)
	at java.base/java.lang.reflect.Method.invoke(Method.java:566)
	at org.testng.internal.MethodInvocationHelper.invokeMethod(MethodInvocationHelper.java:124)
	at org.testng.internal.Invoker.invokeMethod(Invoker.java:583)
	at org.testng.internal.Invoker.invokeTestMethod(Invoker.java:719)
	at org.testng.internal.Invoker.invokeTestMethods(Invoker.java:989)
	at org.testng.internal.TestMethodWorker.invokeTestMethods(TestMethodWorker.java:125)
	at org.testng.internal.TestMethodWorker.run(TestMethodWorker.java:109)
	at org.testng.TestRunner.privateRun(TestRunner.java:648)
	at org.testng.TestRunner.run(TestRunner.java:505)
	at org.testng.SuiteRunner.runTest(SuiteRunner.java:455)
	at org.testng.SuiteRunner.runSequentially(SuiteRunner.java:450)
	at org.testng.SuiteRunner.privateRun(SuiteRunner.java:415)
	at org.testng.SuiteRunner.run(SuiteRunner.java:364)
	at org.testng.SuiteRunnerWorker.runSuite(SuiteRunnerWorker.java:52)
	at org.testng.SuiteRunnerWorker.run(SuiteRunnerWorker.java:84)
	at org.testng.TestNG.runSuitesSequentially(TestNG.java:1208)
	at org.testng.TestNG.runSuitesLocally(TestNG.java:1137)
	at org.testng.TestNG.runSuites(TestNG.java:1049)
	at org.testng.TestNG.run(TestNG.java:1017)
	at org.testng.remote.AbstractRemoteTestNG.run(AbstractRemoteTestNG.java:115)
	at org.testng.remote.RemoteTestNG.initAndRun(RemoteTestNG.java:251)
	at org.testng.remote.RemoteTestNG.main(RemoteTestNG.java:77)
</pre></div></td>
<td>13</td>
<td>com.hackathon.qa.testcases.AppliTest@101952da</td></tr>
<tr>
<td title='com.hackathon.qa.testcases.AppliTest.verifyTransactionTableTest()'><b>verifyTransactionTableTest</b><br>Test class: com.hackathon.qa.testcases.AppliTest<br>Test method: Validate the Transaction Table<br>Parameters: public void com.hackathon.qa.testcases.AppliTest.verifyTransactionTableTest(java.lang.reflect.Method) throws java.lang.InterruptedException</td>
<td><div><pre>com.applitools.eyes.exceptions.DiffsFoundException: Test &apos;verifyTransactionTableTest&apos; of &apos;AppliTools Demo VisualTesting&apos; detected differences! See details at: https://eyes.applitools.com/app/batches/00000251827300210364/00000251827300087128?accountId=VzxHdYJuvEm5iXxQkGTQPA~~
	at com.applitools.eyes.EyesBase.logSessionResultsAndThrowException(EyesBase.java:524)
	at com.applitools.eyes.EyesBase.close(EyesBase.java:497)
	at com.applitools.eyes.selenium.SeleniumEyes.close(SeleniumEyes.java:2021)
	at com.applitools.eyes.selenium.Eyes.close(Eyes.java:509)
	at com.applitools.eyes.selenium.Eyes.close(Eyes.java:149)
	at com.hackathon.qa.base.TestBase.eyesValidateWindow(TestBase.java:125)
	at com.hackathon.qa.testcases.AppliTest.verifyTransactionTableTest(AppliTest.java:133)
... Removed 25 stack frames</pre></div><a href='#' onClick='toggleBox("stack-trace1022896347", this, "Click to show all stack frames", "Click to hide stack frames")'>Click to show all stack frames</a>
<div class='stack-trace' id='stack-trace1022896347'><pre>com.applitools.eyes.exceptions.DiffsFoundException: Test &apos;verifyTransactionTableTest&apos; of &apos;AppliTools Demo VisualTesting&apos; detected differences! See details at: https://eyes.applitools.com/app/batches/00000251827300210364/00000251827300087128?accountId=VzxHdYJuvEm5iXxQkGTQPA~~
	at com.applitools.eyes.EyesBase.logSessionResultsAndThrowException(EyesBase.java:524)
	at com.applitools.eyes.EyesBase.close(EyesBase.java:497)
	at com.applitools.eyes.selenium.SeleniumEyes.close(SeleniumEyes.java:2021)
	at com.applitools.eyes.selenium.Eyes.close(Eyes.java:509)
	at com.applitools.eyes.selenium.Eyes.close(Eyes.java:149)
	at com.hackathon.qa.base.TestBase.eyesValidateWindow(TestBase.java:125)
	at com.hackathon.qa.testcases.AppliTest.verifyTransactionTableTest(AppliTest.java:133)
	at java.base/jdk.internal.reflect.NativeMethodAccessorImpl.invoke0(Native Method)
	at java.base/jdk.internal.reflect.NativeMethodAccessorImpl.invoke(NativeMethodAccessorImpl.java:62)
	at java.base/jdk.internal.reflect.DelegatingMethodAccessorImpl.invoke(DelegatingMethodAccessorImpl.java:43)
	at java.base/java.lang.reflect.Method.invoke(Method.java:566)
	at org.testng.internal.MethodInvocationHelper.invokeMethod(MethodInvocationHelper.java:124)
	at org.testng.internal.Invoker.invokeMethod(Invoker.java:583)
	at org.testng.internal.Invoker.invokeTestMethod(Invoker.java:719)
	at org.testng.internal.Invoker.invokeTestMethods(Invoker.java:989)
	at org.testng.internal.TestMethodWorker.invokeTestMethods(TestMethodWorker.java:125)
	at org.testng.internal.TestMethodWorker.run(TestMethodWorker.java:109)
	at org.testng.TestRunner.privateRun(TestRunner.java:648)
	at org.testng.TestRunner.run(TestRunner.java:505)
	at org.testng.SuiteRunner.runTest(SuiteRunner.java:455)
	at org.testng.SuiteRunner.runSequentially(SuiteRunner.java:450)
	at org.testng.SuiteRunner.privateRun(SuiteRunner.java:415)
	at org.testng.SuiteRunner.run(SuiteRunner.java:364)
	at org.testng.SuiteRunnerWorker.runSuite(SuiteRunnerWorker.java:52)
	at org.testng.SuiteRunnerWorker.run(SuiteRunnerWorker.java:84)
	at org.testng.TestNG.runSuitesSequentially(TestNG.java:1208)
	at org.testng.TestNG.runSuitesLocally(TestNG.java:1137)
	at org.testng.TestNG.runSuites(TestNG.java:1049)
	at org.testng.TestNG.run(TestNG.java:1017)
	at org.testng.remote.AbstractRemoteTestNG.run(AbstractRemoteTestNG.java:115)
	at org.testng.remote.RemoteTestNG.initAndRun(RemoteTestNG.java:251)
	at org.testng.remote.RemoteTestNG.main(RemoteTestNG.java:77)
</pre></div></td>
<td>13</td>
<td>com.hackathon.qa.testcases.AppliTest@101952da</td></tr>
</table><p>
<table width='100%' border='1' class='invocation-passed'>
<tr><td colspan='4' align='center'><b>PASSED TESTS</b></td></tr>
<tr><td><b>Test method</b></td>
<td width="30%"><b>Exception</b></td>
<td width="10%"><b>Time (seconds)</b></td>
<td><b>Instance</b></td>
</tr>
<tr>
<td title='com.hackathon.qa.testcases.AppliTest.validloginTest()'><b>validloginTest</b><br>Test class: com.hackathon.qa.testcases.AppliTest<br>Test method: Verify Whether User Can Login Successfully with Valid credentials<br>Parameters: public void com.hackathon.qa.testcases.AppliTest.validloginTest(java.lang.reflect.Method)</td>
<td></td>
<td>6</td>
<td>com.hackathon.qa.testcases.AppliTest@101952da</td></tr>
</table><p>
</body>
</html>