<?xml version="1.0" encoding="UTF-8"?>
<!-- Generated by org.testng.reporters.JUnitXMLReporter -->
<testsuite ignored="0" hostname="LNAR-5CG9196D0F" failures="6" tests="7" name="AppliVersion_2" time="142.549" errors="0" timestamp="29 Nov 2019 04:12:04 GMT">
  <testcase classname="com.hackathon.qa.testcases.AppliTest" name="loginuivalidation" time="13.234">
    <failure type="com.applitools.eyes.exceptions.DiffsFoundException" message="Test &amp;apos;loginuivalidation&amp;apos; of &amp;apos;AppliTools Demo VisualTesting&amp;apos; detected differences! See details at: https://eyes.applitools.com/app/batches/00000251827300210364/00000251827300210222?accountId=VzxHdYJuvEm5iXxQkGTQPA~~">
      <![CDATA[com.applitools.eyes.exceptions.DiffsFoundException: Test 'loginuivalidation' of 'AppliTools Demo VisualTesting' detected differences! See details at: https://eyes.applitools.com/app/batches/00000251827300210364/00000251827300210222?accountId=VzxHdYJuvEm5iXxQkGTQPA~~
at com.applitools.eyes.EyesBase.logSessionResultsAndThrowException(EyesBase.java:524)
at com.applitools.eyes.EyesBase.close(EyesBase.java:497)
at com.applitools.eyes.selenium.SeleniumEyes.close(SeleniumEyes.java:2021)
at com.applitools.eyes.selenium.Eyes.close(Eyes.java:509)
at com.applitools.eyes.selenium.Eyes.close(Eyes.java:149)
at com.hackathon.qa.base.TestBase.eyesValidateWindow(TestBase.java:125)
at com.hackathon.qa.testcases.AppliTest.loginuivalidation(AppliTest.java:67)
... Removed 25 stack frames]]>
    </failure>
  </testcase> <!-- loginuivalidation -->
  <testcase classname="com.hackathon.qa.testcases.AppliTest" name="validloginTest" time="6.592"/>
  <testcase classname="com.hackathon.qa.testcases.AppliTest" name="invalidUsernameTest" time="9.082">
    <failure type="com.applitools.eyes.exceptions.DiffsFoundException" message="Test &amp;apos;invalidUsernameTest&amp;apos; of &amp;apos;AppliTools Demo VisualTesting&amp;apos; detected differences! See details at: https://eyes.applitools.com/app/batches/00000251827300210364/00000251827300182185?accountId=VzxHdYJuvEm5iXxQkGTQPA~~">
      <![CDATA[com.applitools.eyes.exceptions.DiffsFoundException: Test 'invalidUsernameTest' of 'AppliTools Demo VisualTesting' detected differences! See details at: https://eyes.applitools.com/app/batches/00000251827300210364/00000251827300182185?accountId=VzxHdYJuvEm5iXxQkGTQPA~~
at com.applitools.eyes.EyesBase.logSessionResultsAndThrowException(EyesBase.java:524)
at com.applitools.eyes.EyesBase.close(EyesBase.java:497)
at com.applitools.eyes.selenium.SeleniumEyes.close(SeleniumEyes.java:2021)
at com.applitools.eyes.selenium.Eyes.close(Eyes.java:509)
at com.applitools.eyes.selenium.Eyes.close(Eyes.java:149)
at com.hackathon.qa.base.TestBase.eyesValidateElement(TestBase.java:134)
at com.hackathon.qa.Applipages.LoginPage.loginfailed(LoginPage.java:108)
at com.hackathon.qa.testcases.AppliTest.invalidUsernameTest(AppliTest.java:89)
... Removed 25 stack frames]]>
    </failure>
  </testcase> <!-- invalidUsernameTest -->
  <testcase classname="com.hackathon.qa.testcases.AppliTest" name="invalidPasswordTest" time="10.313">
    <failure type="com.applitools.eyes.exceptions.DiffsFoundException" message="Test &amp;apos;invalidPasswordTest&amp;apos; of &amp;apos;AppliTools Demo VisualTesting&amp;apos; detected differences! See details at: https://eyes.applitools.com/app/batches/00000251827300210364/00000251827300167886?accountId=VzxHdYJuvEm5iXxQkGTQPA~~">
      <![CDATA[com.applitools.eyes.exceptions.DiffsFoundException: Test 'invalidPasswordTest' of 'AppliTools Demo VisualTesting' detected differences! See details at: https://eyes.applitools.com/app/batches/00000251827300210364/00000251827300167886?accountId=VzxHdYJuvEm5iXxQkGTQPA~~
at com.applitools.eyes.EyesBase.logSessionResultsAndThrowException(EyesBase.java:524)
at com.applitools.eyes.EyesBase.close(EyesBase.java:497)
at com.applitools.eyes.selenium.SeleniumEyes.close(SeleniumEyes.java:2021)
at com.applitools.eyes.selenium.Eyes.close(Eyes.java:509)
at com.applitools.eyes.selenium.Eyes.close(Eyes.java:149)
at com.hackathon.qa.base.TestBase.eyesValidateElement(TestBase.java:134)
at com.hackathon.qa.Applipages.LoginPage.loginfailed(LoginPage.java:108)
at com.hackathon.qa.testcases.AppliTest.invalidPasswordTest(AppliTest.java:100)
... Removed 25 stack frames]]>
    </failure>
  </testcase> <!-- invalidPasswordTest -->
  <testcase classname="com.hackathon.qa.testcases.AppliTest" name="canvasValidateTest" time="14.325">
    <failure type="com.applitools.eyes.exceptions.DiffsFoundException" message="Test &amp;apos;Canvas Chart Validation&amp;apos; of &amp;apos;AppliTools Demo VisualTesting&amp;apos; detected differences! See details at: https://eyes.applitools.com/app/batches/00000251827300210364/00000251827300151388?accountId=VzxHdYJuvEm5iXxQkGTQPA~~">
      <![CDATA[com.applitools.eyes.exceptions.DiffsFoundException: Test 'Canvas Chart Validation' of 'AppliTools Demo VisualTesting' detected differences! See details at: https://eyes.applitools.com/app/batches/00000251827300210364/00000251827300151388?accountId=VzxHdYJuvEm5iXxQkGTQPA~~
at com.applitools.eyes.EyesBase.logSessionResultsAndThrowException(EyesBase.java:524)
at com.applitools.eyes.EyesBase.close(EyesBase.java:497)
at com.applitools.eyes.selenium.SeleniumEyes.close(SeleniumEyes.java:2021)
at com.applitools.eyes.selenium.Eyes.close(Eyes.java:509)
at com.applitools.eyes.selenium.Eyes.close(Eyes.java:149)
at com.hackathon.qa.base.TestBase.eyesValidateWindow(TestBase.java:125)
at com.hackathon.qa.Applipages.HomePage.canvasChartValidation(HomePage.java:73)
at com.hackathon.qa.testcases.AppliTest.canvasValidateTest(AppliTest.java:110)
... Removed 25 stack frames]]>
    </failure>
  </testcase> <!-- canvasValidateTest -->
  <testcase classname="com.hackathon.qa.testcases.AppliTest" name="VerifyFlashSaleTest" time="37.984">
    <failure type="com.applitools.eyes.exceptions.DiffsFoundException" message="Test &amp;apos;VerifyFlashSaleTest&amp;apos; of &amp;apos;AppliTools Demo VisualTesting&amp;apos; detected differences! See details at: https://eyes.applitools.com/app/batches/00000251827300210364/00000251827300106311?accountId=VzxHdYJuvEm5iXxQkGTQPA~~">
      <![CDATA[com.applitools.eyes.exceptions.DiffsFoundException: Test 'VerifyFlashSaleTest' of 'AppliTools Demo VisualTesting' detected differences! See details at: https://eyes.applitools.com/app/batches/00000251827300210364/00000251827300106311?accountId=VzxHdYJuvEm5iXxQkGTQPA~~
at com.applitools.eyes.EyesBase.logSessionResultsAndThrowException(EyesBase.java:524)
at com.applitools.eyes.EyesBase.close(EyesBase.java:497)
at com.applitools.eyes.selenium.SeleniumEyes.close(SeleniumEyes.java:2021)
at com.applitools.eyes.selenium.Eyes.close(Eyes.java:509)
at com.applitools.eyes.selenium.Eyes.close(Eyes.java:149)
at com.hackathon.qa.base.TestBase.eyesValidateWindow(TestBase.java:125)
at com.hackathon.qa.Applipages.HomePage.verifyFlashSale(HomePage.java:87)
at com.hackathon.qa.testcases.AppliTest.VerifyFlashSaleTest(AppliTest.java:121)
... Removed 25 stack frames]]>
    </failure>
  </testcase> <!-- VerifyFlashSaleTest -->
  <testcase classname="com.hackathon.qa.testcases.AppliTest" name="verifyTransactionTableTest" time="13.918">
    <failure type="com.applitools.eyes.exceptions.DiffsFoundException" message="Test &amp;apos;verifyTransactionTableTest&amp;apos; of &amp;apos;AppliTools Demo VisualTesting&amp;apos; detected differences! See details at: https://eyes.applitools.com/app/batches/00000251827300210364/00000251827300087128?accountId=VzxHdYJuvEm5iXxQkGTQPA~~">
      <![CDATA[com.applitools.eyes.exceptions.DiffsFoundException: Test 'verifyTransactionTableTest' of 'AppliTools Demo VisualTesting' detected differences! See details at: https://eyes.applitools.com/app/batches/00000251827300210364/00000251827300087128?accountId=VzxHdYJuvEm5iXxQkGTQPA~~
at com.applitools.eyes.EyesBase.logSessionResultsAndThrowException(EyesBase.java:524)
at com.applitools.eyes.EyesBase.close(EyesBase.java:497)
at com.applitools.eyes.selenium.SeleniumEyes.close(SeleniumEyes.java:2021)
at com.applitools.eyes.selenium.Eyes.close(Eyes.java:509)
at com.applitools.eyes.selenium.Eyes.close(Eyes.java:149)
at com.hackathon.qa.base.TestBase.eyesValidateWindow(TestBase.java:125)
at com.hackathon.qa.testcases.AppliTest.verifyTransactionTableTest(AppliTest.java:133)
... Removed 25 stack frames]]>
    </failure>
  </testcase> <!-- verifyTransactionTableTest -->
</testsuite> <!-- AppliVersion_2 -->
